<?xml version="1.0" encoding="utf-8"?><testsuites name="pytest tests"><testsuite name="pytest" errors="0" failures="0" skipped="0" tests="8" time="10.803" timestamp="2026-05-08T12:14:53.258862+00:00" hostname="agent-env-38f14412-ee69-4eea-ba0e-e6f742fa2853"><testcase classname="backend.tests.test_ai_endpoints.TestHealth" name="test_root" time="0.408" /><testcase classname="backend.tests.test_ai_endpoints" name="test_ai_suggest_modes_return_nonempty[continue]" time="2.336" /><testcase classname="backend.tests.test_ai_endpoints" name="test_ai_suggest_modes_return_nonempty[improve]" time="1.162" /><testcase classname="backend.tests.test_ai_endpoints" name="test_ai_suggest_modes_return_nonempty[shorten]" time="0.929" /><testcase classname="backend.tests.test_ai_endpoints" name="test_ai_suggest_modes_return_nonempty[expand]" time="3.181" /><testcase classname="backend.tests.test_ai_endpoints" name="test_ai_suggest_session_sticky" time="2.466" /><testcase classname="backend.tests.test_ai_endpoints" name="test_ai_suggest_empty_context_returns_400" time="0.058" /><testcase classname="backend.tests.test_ai_endpoints" name="test_ai_suggest_whitespace_context_returns_400" time="0.053" /></testsuite></testsuites>