<?xml version="1.0" encoding="utf-8"?><testsuites name="pytest tests"><testsuite name="pytest" errors="0" failures="0" skipped="0" tests="8" time="10.512" timestamp="2026-05-08T12:59:12.319796+00:00" hostname="agent-env-38f14412-ee69-4eea-ba0e-e6f742fa2853"><testcase classname="tests.test_ai_endpoints.TestHealth" name="test_root" time="0.200" /><testcase classname="tests.test_ai_endpoints" name="test_ai_suggest_modes_return_nonempty[continue]" time="1.896" /><testcase classname="tests.test_ai_endpoints" name="test_ai_suggest_modes_return_nonempty[improve]" time="1.085" /><testcase classname="tests.test_ai_endpoints" name="test_ai_suggest_modes_return_nonempty[shorten]" time="1.528" /><testcase classname="tests.test_ai_endpoints" name="test_ai_suggest_modes_return_nonempty[expand]" time="2.479" /><testcase classname="tests.test_ai_endpoints" name="test_ai_suggest_session_sticky" time="3.027" /><testcase classname="tests.test_ai_endpoints" name="test_ai_suggest_empty_context_returns_400" time="0.064" /><testcase classname="tests.test_ai_endpoints" name="test_ai_suggest_whitespace_context_returns_400" time="0.065" /></testsuite></testsuites>